4
129
152
346
522

0

2
2
7

6
2
2
2
2
8
14

6
4
12
12
12
12
18

20
1
1
1
1
1
1
1
1
1
1
1
1
5
5
5
5
5
5
9
9

14
3
3
3
3
3
3
3
3
3
7
7
7
7
11

4
1
1
1
14

1
4

5
7
13
17
32
38

1
15

2
10
24

3
13
20
34

3
6
10
28

3
7
16
26

4
10
19
33
42

5
6
21
30
40
47

4
11
19
30
40

4
9
24
32
41

3
14
24
30

3
13
19
29

5
14
21
30
37
50

3
18
26
30

5
18
28
34
40
46

3
14
22
36

1
8

2
8
28

1
19

5
7
19
23
29
36

4
12
22
30
42

3
14
21
37

3
5
19
28

5
9
19
25
34
40

4
6
20
28
42

3
7
21
30

4
7
25
32
41

